C51 COMPILER V9.54   MAIN                                                                  06/01/2025 22:14:02 PAGE 1   


C51 COMPILER V9.54, COMPILATION OF MODULE MAIN
OBJECT MODULE PLACED IN .\Objects\main.obj
COMPILER INVOKED BY: D:\Keil5\C51\BIN\C51.EXE main.c OPTIMIZE(8,SPEED) BROWSE DEBUG OBJECTEXTEND PRINT(.\Listings\main.l
                    -st) TABS(2) OBJECT(.\Objects\main.obj)

line level    source

   1          #include <REGX52.H>
   2          #include "Timer0.h"
   3          #include "Key.h"
   4          #include "Nixie.h"
   5          #include "Delay.h"
   6          #include "AT24C02.h"
   7          
   8          unsigned char KeyNum;
   9          unsigned char Min,Sec,MiniSec;
  10          unsigned char RunFlag;
  11          
  12          // æ¨¡å¼æ§åˆ¶å˜é‡
  13          #define MODE_TIMER 0       // è®¡æ—¶å™¨æ¨¡å¼
  14          #define MODE_COUNTDOWN 1   // å€’è®¡æ—¶æ¨¡å¼
  15          unsigned char CurrentMode = MODE_TIMER;  // é»˜è®¤ä¸ºè®¡æ—¶å™¨æ¨¡å¼
  16          
  17          // å€’è®¡æ—¶è®¾ç½®å€¼
  18          unsigned char CDMin = 1, CDSec = 0, CDMiniSec = 0; // å€’è®¡æ—¶é»˜è®¤å€¼ï¼š1åˆ†é’Ÿ
  19          
  20          // LEDç¯çš„å®šä¹‰
  21          #define LED P2_0
  22          #define CD_LED1 P2_5      // å€’è®¡æ—¶ç»“æŸæŒ‡ç¤ºç¯1
  23          #define CD_LED2 P2_6      // å€’è®¡æ—¶ç»“æŸæŒ‡ç¤ºç¯2
  24          #define CD_LED3 P2_7      // å€’è®¡æ—¶ç»“æŸæŒ‡ç¤ºç¯3
  25          unsigned char led_state = 1;    
  26          unsigned char DEAL_LED = 0; //æ­£ç¡®å¤„ç†æŒ‡ä»¤åï¼Œå†é—ªç¯
  27          // å®šä¹‰é€šä¿¡åè®®
  28          #define FRAME_HEADER 0x05  // å¸§å¤´
  29          #define FRAME_FOOTER 0x26  // å¸§å°¾
  30          
  31          //è®¡æ—¶å™¨æŒ‡ä»¤
  32          #define CMD_STOP_OR_CONTINUE 0x30 // å‘½ä»¤ï¼šæš‚åœ/ç»§ç»­è®¡æ—¶å™¨ 
  33          #define CMD_RESET 0x31 //å‘½ä»¤ï¼šRESETè®¡æ—¶å™¨
  34          #define CMD_WRITE_AT 0x32 //å‘½ä»¤ï¼šå°†å½“å‰æ—¶é—´æ”¾å…¥ATå­˜å‚¨å™¨
  35          #define CMD_READ_AT 0x33 //å‘½ä»¤ï¼šè¯»å–ATå­˜å‚¨å™¨ï¼Œè¦†ç›–å½“å‰æ—¶é—´
  36          
  37          // æ¨¡å¼åˆ‡æ¢æŒ‡ä»¤
  38          #define CMD_MODE_TIMER 0x40      // åˆ‡æ¢åˆ°è®¡æ—¶å™¨æ¨¡å¼
  39          #define CMD_MODE_COUNTDOWN 0x41  // åˆ‡æ¢åˆ°å€’è®¡æ—¶æ¨¡å¼
  40          
  41          // å€’è®¡æ—¶æ§åˆ¶æŒ‡ä»¤
  42          #define CMD_CD_PAUSE_CONTINUE 0x50  // å€’è®¡æ—¶æš‚åœ/ç»§ç»­
  43          #define CMD_CD_RESET 0x51          // å€’è®¡æ—¶å¤ä½åˆ°è®¾å®šå€¼
  44          #define CMD_CD_SET_TIME 0x52       // è®¾ç½®å€’è®¡æ—¶æ—¶é—´
  45          
  46          // é€šä¿¡åè®®å˜é‡
  47          unsigned char rx_state = 0;     // æ¥æ”¶çŠ¶æ€ï¼š0-ç­‰å¾…å¸§å¤´ï¼Œ1-ç­‰å¾…æ“ä½œæ•°ï¼Œ2-ç­‰å¾…æ•°æ®ä½å­
             -—èŠ‚ï¼Œ3-ç­‰å¾…æ•°æ®é«˜å­—èŠ‚ï¼Œ4-ç­‰å¾…å¸§å°¾
  48          unsigned char rx_command = 0;   // æ¥æ”¶åˆ°çš„æ“ä½œæ•°
  49          unsigned int rx_time_data = 0;  // æ¥æ”¶åˆ°çš„æ—¶é—´æ•°æ®ï¼ˆç§’æ•°ï¼‰
  50          unsigned char rx_time_low = 0;  // æ¥æ”¶åˆ°çš„æ—¶é—´æ•°æ®ä½å­—èŠ‚
  51          unsigned char rx_time_high = 0; // æ¥æ”¶åˆ°çš„æ—¶é—´æ•°æ®é«˜å­—èŠ‚
  52          
  53          void uart_init(unsigned int baud) //9600:0XFA
C51 COMPILER V9.54   MAIN                                                                  06/01/2025 22:14:02 PAGE 2   

  54          {
  55   1        TMOD |= 0X20; // è®¾ç½®è®¡æ•°å™¨å·¥ä½œæ–¹å¼2
  56   1        SCON = 0X50; // è®¾ç½®ä¸ºå·¥ä½œæ–¹å¼1
  57   1        PCON = 0X80; // æ³¢ç‰¹ç‡åŠ å€
  58   1        TH1 = baud; // è®¡æ•°å™¨åˆå§‹å€¼è®¾ç½®
  59   1        TL1 = baud;
  60   1      
  61   1        // é…ç½®ä¸­æ–­å™¨
  62   1        ES = 1; // æ‰“å¼€æ¥æ”¶ä¸­æ–­
  63   1        EA = 1; // æ‰“å¼€æ€»ä¸­æ–­
  64   1        TR1 =1 ; // æ‰“å¼€è®¡æ•°å™¨   
  65   1      }
  66          
  67          // å°†æ‰€æœ‰å€’è®¡æ—¶æŒ‡ç¤ºLEDè®¾ç½®ä¸ºæŒ‡å®šçŠ¶æ€
  68          void SetCountdownLEDs(bit state)
  69          {
  70   1          CD_LED1 = state;
  71   1          CD_LED2 = state;
  72   1          CD_LED3 = state;
  73   1      }
  74          
  75          void main()
  76          {
  77   1        Timer0_Init();
  78   1        uart_init(0XFA); // æ³¢ç‰¹ç‡ä¸º9600
  79   1        // åˆå§‹åŒ–LEDçŠ¶æ€
  80   1        LED = 0;  // åˆå§‹çŠ¶æ€ä¸ºç‚¹äº®(ä½ç”µå¹³)
  81   1        led_state = 0;
  82   1        
  83   1        // åˆå§‹åŒ–å€’è®¡æ—¶LEDä¸ºç†„ç­çŠ¶æ€
  84   1        SetCountdownLEDs(1);  // é«˜ç”µå¹³ç†„ç­
  85   1        
  86   1        while(1)
  87   1        {
  88   2          // å¤„ç†æŒ‰é”®å’Œå‘½ä»¤
  89   2          if(KeyNum==1)     // K1æŒ‰é”®æŒ‰ä¸‹
  90   2          {
  91   3            if(CurrentMode == MODE_TIMER)
  92   3            {
  93   4              RunFlag=!RunFlag;    // è®¡æ—¶å™¨æ¨¡å¼ï¼šå¯åŠ¨æ ‡å¿—ä½ç¿»è½¬
  94   4            }
  95   3            else // å€’è®¡æ—¶æ¨¡å¼
  96   3            {
  97   4              RunFlag=!RunFlag;    // å€’è®¡æ—¶æ¨¡å¼ä¹Ÿä½¿ç”¨ç›¸åŒçš„è¿è¡Œæ ‡å¿—
  98   4            }
  99   3            KeyNum = 0; //å¤„ç†å®Œæˆï¼ŒçŠ¶æ€å¤ä½
 100   3            DEAL_LED=1;
 101   3          }
 102   2          if(KeyNum==2)     // K2æŒ‰é”®æŒ‰ä¸‹
 103   2          {
 104   3            if(CurrentMode == MODE_TIMER)
 105   3            {
 106   4              Min=0;              // è®¡æ—¶å™¨æ¨¡å¼ï¼šåˆ†ç§’æ¸…0
 107   4              Sec=0;
 108   4              MiniSec=0;
 109   4            }
 110   3            else // å€’è®¡æ—¶æ¨¡å¼
 111   3            {
 112   4              Min=CDMin;          // å€’è®¡æ—¶æ¨¡å¼ï¼šå¤ä½åˆ°è®¾å®šå€¼
 113   4              Sec=CDSec;
 114   4              MiniSec=CDMiniSec;
 115   4              SetCountdownLEDs(1); // å¤ä½æŒ‡ç¤ºç¯
C51 COMPILER V9.54   MAIN                                                                  06/01/2025 22:14:02 PAGE 3   

 116   4            }
 117   3            KeyNum = 0; //å¤„ç†å®Œæˆï¼ŒçŠ¶æ€å¤ä½
 118   3      
 119   3          }
 120   2          if(KeyNum==3)     //K3æŒ‰é”®æŒ‰ä¸‹
 121   2          {
 122   3            AT24C02_WriteByte(0,Min); //å°†åˆ†ç§’å†™å…¥AT24C02
 123   3            Delay(5);
 124   3            AT24C02_WriteByte(1,Sec);
 125   3            Delay(5);
 126   3            AT24C02_WriteByte(2,MiniSec);
 127   3            Delay(5);
 128   3            KeyNum = 0; //å¤„ç†å®Œæˆï¼ŒçŠ¶æ€å¤ä½
 129   3      
 130   3          }
 131   2          if(KeyNum==4)     //K4æŒ‰é”®æŒ‰ä¸‹
 132   2          {
 133   3            Min=AT24C02_ReadByte(0);  //è¯»å‡ºAT24C02æ•°æ®
 134   3            Sec=AT24C02_ReadByte(1);
 135   3            MiniSec=AT24C02_ReadByte(2);
 136   3            KeyNum = 0; //å¤„ç†å®Œæˆï¼ŒçŠ¶æ€å¤ä½
 137   3      
 138   3          }
 139   2          // æ˜¾ç¤ºå½“å‰æ—¶é—´
 140   2          Nixie_SetBuf(1,Min/10);    //è®¾ç½®æ˜¾ç¤ºç¼“å­˜ï¼Œæ˜¾ç¤ºæ•°æ®
 141   2          Nixie_SetBuf(2,Min%10);
 142   2          Nixie_SetBuf(3,11);
 143   2          Nixie_SetBuf(4,Sec/10);
 144   2          Nixie_SetBuf(5,Sec%10);
 145   2          Nixie_SetBuf(6,11);
 146   2          Nixie_SetBuf(7,MiniSec/10);
 147   2          Nixie_SetBuf(8,MiniSec%10);
 148   2        }
 149   1      }
 150          
 151          /**
 152            * @brief  æ—¶é—´é©±åŠ¨å‡½æ•°ï¼Œåœ¨ä¸­æ–­ä¸­è°ƒç”¨ï¼Œæ ¹æ®å½“å‰æ¨¡å¼æ‰§è¡Œä¸åŒæ“ä½œ
 153            * @param  æ— 
 154            * @retval æ— 
 155            */
 156          void Sec_Loop(void)
 157          {
 158   1        if(RunFlag)
 159   1        {
 160   2          if(CurrentMode == MODE_TIMER) // è®¡æ—¶å™¨æ¨¡å¼
 161   2          {
 162   3            MiniSec++;
 163   3            if(MiniSec>=100)
 164   3            {
 165   4              MiniSec=0;
 166   4              Sec++;
 167   4              if(Sec>=60)
 168   4              {
 169   5                Sec=0;
 170   5                Min++;
 171   5                if(Min>=60)
 172   5                {
 173   6                  Min=0;
 174   6                }
 175   5              }
 176   4            }
 177   3          }
C51 COMPILER V9.54   MAIN                                                                  06/01/2025 22:14:02 PAGE 4   

 178   2          else // å€’è®¡æ—¶æ¨¡å¼
 179   2          {
 180   3            if(Min==0 && Sec==0 && MiniSec==0)
 181   3            {
 182   4              // å€’è®¡æ—¶å·²ç»ç»“æŸï¼Œåœæ­¢è¿è¡Œ
 183   4              RunFlag = 0;
 184   4              
 185   4              // ç‚¹äº®æŒ‡ç¤ºç¯
 186   4              SetCountdownLEDs(0);  // ä½ç”µå¹³ç‚¹äº®
 187   4              Delay(1000);         // å»¶æ—¶1ç§’
 188   4              SetCountdownLEDs(1);  // ç†„ç­æŒ‡ç¤ºç¯
 189   4              
 190   4              return;
 191   4            }
 192   3            
 193   3            // å€’è®¡æ—¶é€»è¾‘
 194   3            if(MiniSec==0)
 195   3            {
 196   4              if(Sec==0)
 197   4              {
 198   5                if(Min!=0)
 199   5                {
 200   6                  Min--;
 201   6                  Sec=59;
 202   6                  MiniSec=99;
 203   6                }
 204   5              }
 205   4              else
 206   4              {
 207   5                Sec--;
 208   5                MiniSec=99;
 209   5              }
 210   4            }
 211   3            else
 212   3            {
 213   4              MiniSec--;
 214   4            }
 215   3          }
 216   2        }
 217   1      }
 218          
 219          // ä¸²å£é€šä¿¡ä¸­æ–­å‡½æ•°
 220          void uart() interrupt 4
 221          {
 222   1        unsigned char rec_data; // æ¥æ”¶åˆ°çš„æ•°æ®
 223   1                            
 224   1        RI = 0; // æ¸…é™¤æ¥æ”¶ä¸­æ–­æ ‡å¿—ä½
 225   1      
 226   1        rec_data = SBUF; // å­˜å‚¨æ¥æ”¶åˆ°çš„æ•°æ®
 227   1        SBUF = rec_data; // å°†æ¥æ”¶åˆ°çš„æ•°æ®æ”¾å…¥åˆ°å‘é€å¯„å­˜å™¨
 228   1        
 229   1        // æ ¹æ®å½“å‰çŠ¶æ€å¤„ç†æ¥æ”¶åˆ°çš„æ•°æ®
 230   1        switch (rx_state) {
 231   2          case 0: // ç­‰å¾…å¸§å¤´
 232   2            if (rec_data == FRAME_HEADER) {
 233   3              rx_state = 1; // è¿›å…¥ç­‰å¾…æ“ä½œæ•°çŠ¶æ€
 234   3            }
 235   2            break;
 236   2            
 237   2          case 1: // ç­‰å¾…æ“ä½œæ•°
 238   2            rx_command = rec_data; // ä¿å­˜æ“ä½œæ•°
 239   2            if (rx_command == CMD_CD_SET_TIME) { 
C51 COMPILER V9.54   MAIN                                                                  06/01/2025 22:14:02 PAGE 5   

 240   3              rx_state = 2; // å¦‚æœæ˜¯è®¾ç½®æ—¶é—´å‘½ä»¤ï¼Œè¿›å…¥ç­‰å¾…æ•°æ®ä½å­—èŠ‚çŠ¶æ€
 241   3            } else {
 242   3              rx_state = 4; // å¦åˆ™ç›´æ¥è¿›å…¥ç­‰å¾…å¸§å°¾çŠ¶æ€
 243   3            }
 244   2            break;
 245   2            
 246   2          case 2: // ç­‰å¾…æ•°æ®ä½å­—èŠ‚
 247   2            rx_time_low = rec_data;  // ä¿å­˜æ—¶é—´æ•°æ®ä½å­—èŠ‚
 248   2            rx_state = 3;  // è¿›å…¥ç­‰å¾…æ•°æ®é«˜å­—èŠ‚çŠ¶æ€
 249   2            break;
 250   2            
 251   2          case 3: // ç­‰å¾…æ•°æ®é«˜å­—èŠ‚
 252   2            rx_time_high = rec_data;  // ä¿å­˜æ—¶é—´æ•°æ®é«˜å­—èŠ‚
 253   2            rx_state = 4;  // è¿›å…¥ç­‰å¾…å¸§å°¾çŠ¶æ€
 254   2            break;
 255   2            
 256   2          case 4: // ç­‰å¾…å¸§å°¾
 257   2            if (rec_data == FRAME_FOOTER) 
 258   2            {
 259   3              // å®Œæ•´æ¥æ”¶åˆ°ä¸€å¸§æ•°æ®ï¼Œæ ¹æ®æ“ä½œæ•°æ‰§è¡Œç›¸åº”æ“ä½œ
 260   3              
 261   3              // è®¡æ—¶å™¨æ¨¡å¼å‘½ä»¤
 262   3              if (rx_command == CMD_STOP_OR_CONTINUE && CurrentMode == MODE_TIMER)
 263   3              {
 264   4                KeyNum = 1; //è®¡æ—¶å™¨æš‚åœ/ç»§ç»­
 265   4                DEAL_LED=1;
 266   4              }
 267   3              else if (rx_command == CMD_RESET && CurrentMode == MODE_TIMER)
 268   3              {
 269   4                KeyNum = 2; //è®¡æ—¶å™¨å¤ä½
 270   4                DEAL_LED=1;
 271   4              }
 272   3              else if (rx_command == CMD_WRITE_AT)
 273   3              {
 274   4                KeyNum = 3; //å°†å½“å‰æ—¶é—´å†™å…¥AT24C02
 275   4                DEAL_LED=1;
 276   4              }
 277   3              else if (rx_command == CMD_READ_AT)
 278   3              {
 279   4                KeyNum = 4; //ä»AT24C02è¯»å–æ—¶é—´
 280   4                DEAL_LED=1;
 281   4              }
 282   3              // æ¨¡å¼åˆ‡æ¢å‘½ä»¤
 283   3              else if (rx_command == CMD_MODE_TIMER)
 284   3              {
 285   4                CurrentMode = MODE_TIMER;
 286   4                RunFlag = 0;  // åˆ‡æ¢æ¨¡å¼æ—¶åœæ­¢è®¡æ—¶
 287   4                Min = 0;
 288   4                Sec = 0;
 289   4                MiniSec = 0;
 290   4                DEAL_LED=1;
 291   4              }
 292   3              else if (rx_command == CMD_MODE_COUNTDOWN)
 293   3              {
 294   4                CurrentMode = MODE_COUNTDOWN;
 295   4                RunFlag = 0;  // åˆ‡æ¢æ¨¡å¼æ—¶åœæ­¢è®¡æ—¶
 296   4                Min = CDMin;  // è®¾ç½®ä¸ºé»˜è®¤å€’è®¡æ—¶å€¼
 297   4                Sec = CDSec;
 298   4                MiniSec = CDMiniSec;
 299   4                DEAL_LED=1;
 300   4              }
 301   3              // å€’è®¡æ—¶æ§åˆ¶å‘½ä»¤
C51 COMPILER V9.54   MAIN                                                                  06/01/2025 22:14:02 PAGE 6   

 302   3              else if (rx_command == CMD_CD_PAUSE_CONTINUE && CurrentMode == MODE_COUNTDOWN)
 303   3              {
 304   4                if (CurrentMode == MODE_COUNTDOWN)
 305   4                {
 306   5                  KeyNum = 1; // å€’è®¡æ—¶æš‚åœ/ç»§ç»­
 307   5                }
 308   4                DEAL_LED=1;
 309   4              }
 310   3              else if (rx_command == CMD_CD_RESET && CurrentMode == MODE_COUNTDOWN)
 311   3              {
 312   4                if (CurrentMode == MODE_COUNTDOWN)
 313   4                {
 314   5                  KeyNum = 2; // å€’è®¡æ—¶å¤ä½åˆ°è®¾å®šå€¼
 315   5                }
 316   4                DEAL_LED=1;
 317   4              }
 318   3              // è®¾ç½®å€’è®¡æ—¶æ—¶é—´
 319   3              else if (rx_command == CMD_CD_SET_TIME && CurrentMode == MODE_COUNTDOWN) 
 320   3              {
 321   4        
 322   4                // åˆå¹¶ä¸¤ä¸ªå­—èŠ‚å¾—åˆ°æ€»ç§’æ•°
 323   4                rx_time_data = (unsigned int)rx_time_high << 8 | rx_time_low;
 324   4                if (rx_time_data > 3599) // æœ€å¤§æ”¯æŒ59åˆ†59ç§’
 325   4                {
 326   5                  rx_time_data = 3599; // é™åˆ¶æœ€å¤§å€¼ä¸º59åˆ†59ç§’
 327   5                }
 328   4                else if (rx_time_data <= 1) // æœ€å°å€¼ä¸º1ç§’
 329   4                {
 330   5                  rx_time_data = 1; // é™åˆ¶æœ€å°å€¼ä¸º1ç§’
 331   5                }
 332   4                // è®¡ç®—åˆ†å’Œç§’
 333   4                CDMin = rx_time_data / 60;
 334   4                CDSec = rx_time_data % 60;
 335   4                CDMiniSec = 0;
 336   4                
 337   4                // å¦‚æœå½“å‰æ˜¯å€’è®¡æ—¶æ¨¡å¼å¹¶ä¸”æ²¡æœ‰åœ¨è¿è¡Œï¼Œåˆ™ç«‹å³æ›´æ–°æ˜¾ç¤º
 338   4                if (CurrentMode == MODE_COUNTDOWN && RunFlag == 0)
 339   4                {
 340   5                  Min = CDMin;
 341   5                  Sec = CDSec;
 342   5                  MiniSec = CDMiniSec;
 343   5                }
 344   4                DEAL_LED=1;
 345   4              }
 346   3              if (DEAL_LED) // å¦‚æœéœ€è¦é—ªçƒLEDæŒ‡ç¤º
 347   3              {
 348   4                // æ‰§è¡ŒLEDé—ªçƒ æŒ‡ç¤ºæ”¶åˆ°äº†UARTæ•°æ®åŒ… å¹¶å¤„ç†äº†
 349   4                LED = 0;  // ç‚¹äº®LED (ä½ç”µå¹³ç‚¹äº®)
 350   4                Delay(50);  // å»¶æ—¶50ms
 351   4                LED = 1;  // ç†„ç­LED
 352   4              }
 353   3      
 354   3            }
 355   2            // ä¸ç®¡å¸§å°¾æ˜¯å¦æ­£ç¡®ï¼Œéƒ½å›åˆ°ç­‰å¾…å¸§å¤´çŠ¶æ€
 356   2            rx_state = 0;
 357   2            break;
 358   2        }
 359   1      
 360   1        while(!TI); // ç­‰å¾…å‘é€æ•°æ®å®Œæˆ
 361   1        TI = 0; // æ¸…é™¤å‘é€å®Œæˆæ ‡å¿—ä½        
 362   1      }
 363          
C51 COMPILER V9.54   MAIN                                                                  06/01/2025 22:14:02 PAGE 7   

 364          void Timer0_Routine() interrupt 1
 365          {
 366   1        static unsigned int T0Count1,T0Count2,T0Count3;
 367   1        TL0 = 0x18;   //è®¾ç½®å®šæ—¶åˆå€¼
 368   1        TH0 = 0xFC;   //è®¾ç½®å®šæ—¶åˆå€¼
 369   1        T0Count1++;
 370   1        if(T0Count1>=20)
 371   1        {
 372   2          T0Count1=0;
 373   2          Key_Loop(); //20msè°ƒç”¨ä¸€æ¬¡æŒ‰é”®é©±åŠ¨å‡½æ•°
 374   2        }
 375   1        T0Count2++;
 376   1        if(T0Count2>=2)
 377   1        {
 378   2          T0Count2=0;
 379   2          Nixie_Loop();//2msè°ƒç”¨ä¸€æ¬¡æ•°ç ç®¡é©±åŠ¨å‡½æ•°
 380   2        }
 381   1        T0Count3++;
 382   1        if(T0Count3>=10)
 383   1        {
 384   2          T0Count3=0;
 385   2          Sec_Loop(); //10msè°ƒç”¨ä¸€æ¬¡æ•°ç§’è¡¨é©±åŠ¨å‡½æ•°
 386   2        }
 387   1      }


MODULE INFORMATION:   STATIC OVERLAYABLE
   CODE SIZE        =    966    ----
   CONSTANT SIZE    =   ----    ----
   XDATA SIZE       =   ----    ----
   PDATA SIZE       =   ----    ----
   DATA SIZE        =     23    ----
   IDATA SIZE       =   ----    ----
   BIT SIZE         =   ----       1
END OF MODULE INFORMATION.


C51 COMPILATION COMPLETE.  0 WARNING(S),  0 ERROR(S)
