C51 COMPILER V9.54   MAIN                                                                  05/12/2025 14:30:53 PAGE 1   


C51 COMPILER V9.54, COMPILATION OF MODULE MAIN
OBJECT MODULE PLACED IN .\Objects\main.obj
COMPILER INVOKED BY: D:\Keil5\C51\BIN\C51.EXE main.c OPTIMIZE(8,SPEED) BROWSE DEBUG OBJECTEXTEND PRINT(.\Listings\main.l
                    -st) TABS(2) OBJECT(.\Objects\main.obj)

line level    source

   1          #include <reg51.h> // 单片机头文件
   2          
   3          unsigned char code Tab[] = {0xC0, 0xF9, 0xA4, 0xB0, 0x99, 0x92, 0x82, 0xF8, 0x80, 0x90}; // 共阳数码管码段
             -表
   4          unsigned char Dat[] = {0, 0, 2, 4}; // 初始时间为24秒
   5          int Dat_int=24;
   6          int i; // 定义变量，作为循环
   7          unsigned char tmp; // 定义片选变量
   8          unsigned char KeyState = 0x0F; // 按键状态变量，初始值为高电平（未按下）
   9          bit isRunning = 1; // 计时器运行状态标志位
  10          
  11          #define KEY1 (P1 & 0x01) // 按键1连接到 P1.0
  12          #define KEY2 (P1 & 0x02) // 按键2连接到 P1.1
  13          #define KEY3 (P1 & 0x04) // 按键3连接到 P1.2
  14          #define KEY4 (P1 & 0x08) // 按键4连接到 P1.3
  15          #define TIM_SET 24 //此程序设置几秒定时 方便调试
  16          
  17          void Delay() // 延时子程序，作为数码管显示延迟
  18          {
  19   1          unsigned char i;
  20   1          for (i = 0; i < 100; i++);
  21   1      }
  22          
  23          void Timer1_Init() // 定时器1初始化
  24          {
  25   1          TMOD |= 0x10; // 设置定时器1为模式1（16位定时器）
  26   1          TH1 = 0x00;   // 定时器初值高字节（1秒定时）
  27   1          TL1 = 0x00;   // 定时器初值低字节
  28   1          ET1 = 1;      // 使能定时器1中断
  29   1          EA = 1;       // 使能总中断
  30   1          TR1 = 1;      // 启动定时器1
  31   1      }
  32          
  33          void Timer1_ISR() interrupt 3 // 定时器1中断服务函数
  34          {
  35   1          static int counter=0;
  36   1          TH1 = 0x3C;   // 重装定时器初值高字节
  37   1          TL1 = 0xAF;   // 重装定时器初值低字节 (15535)D=(3CAF)H 即65535-50000=15535 延时50ms;
  38   1      
  39   1          counter++;
  40   1          if (counter==20) //50*20=1000ms 1s定时器中断
  41   1          {
  42   2              counter=0;
  43   2              Dat_int--;
  44   2              if (Dat_int<0)
  45   2              {
  46   3                  Dat_int=TIM_SET;
  47   3              }
  48   2              Dat[2]=Dat_int/10;
  49   2              Dat[3]=Dat_int%10;
  50   2          }
  51   1      }
  52          
  53          void Ext0_Init() // 外部中断0初始化
C51 COMPILER V9.54   MAIN                                                                  05/12/2025 14:30:53 PAGE 2   

  54          {
  55   1          IT0 = 1; // 设置外部中断0为下降沿触发
  56   1          EX0 = 1; // 使能外部中断0
  57   1          EA = 1;  // 使能总中断
  58   1      }
  59          
  60          void Ext0_ISR() interrupt 0 // 外部中断0服务函数 正常工作
  61          { 
  62   1         //进入中断后，说明有按键按下，再进行扫描，这样大大节省程序运行资源
  63   1          Delay(); //延时消抖
  64   1          if (KEY1==0) //按键1 p1.0按下 实现复位
  65   1          {
  66   2            Dat_int=0;
  67   2          }
  68   1          if (KEY2==0)
  69   1          {
  70   2            TR1=(TR1==1)?0:1; //切换TR1状态 控制定时器1开启与否
  71   2          }
  72   1         
  73   1      }
  74          
  75          void main()
  76          {
  77   1          Timer1_Init(); // 初始化定时器1
  78   1          Ext0_Init();   // 初始化外部中断0
  79   1          Dat[2]=TIM_SET/10; 
  80   1          Dat[3]=TIM_SET%10; //按照宏定义初始化Dat(数码管显示直接控制数组)
  81   1          Dat_int=TIM_SET;
  82   1          while (1) // 无限循环
  83   1          {
  84   2              tmp = 0x01; // 片选初值
  85   2              for (i = 0; i < 4; i++) // 循环4次
  86   2              {
  87   3                  P2 = tmp; // 片选初值
  88   3                  P0 = Tab[Dat[i]]; // 输出某一位数字的码段值
  89   3                  tmp = tmp << 1; // 片选值左移一位
  90   3                  Delay(); // 调用延时
  91   3              }
  92   2          }
  93   1      }


MODULE INFORMATION:   STATIC OVERLAYABLE
   CODE SIZE        =    253    ----
   CONSTANT SIZE    =     10    ----
   XDATA SIZE       =   ----    ----
   PDATA SIZE       =   ----    ----
   DATA SIZE        =     12    ----
   IDATA SIZE       =   ----    ----
   BIT SIZE         =      1    ----
END OF MODULE INFORMATION.


C51 COMPILATION COMPLETE.  0 WARNING(S),  0 ERROR(S)
