C51 COMPILER V9.54   MAIN                                                                  05/31/2025 10:25:49 PAGE 1   


C51 COMPILER V9.54, COMPILATION OF MODULE MAIN
OBJECT MODULE PLACED IN main.OBJ
COMPILER INVOKED BY: D:\Keil5\C51\BIN\C51.EXE main.c OPTIMIZE(8,SPEED) BROWSE DEBUG OBJECTEXTEND TABS(2)

line level    source

   1          #include <REGX52.H>
   2          
   3          // ôͨųʼ
   4          void uart_init(unsigned int baud)
   5          {
   6   1        TMOD |= 0X20; // üʽ2
   7   1        SCON = 0X50; // Ϊʽ1
   8   1        PCON = 0X80; // ʼӱ
   9   1        TH1 = baud; // ʼֵ
  10   1        TL1 = baud;
  11   1      
  12   1        // ж
  13   1        ES = 1; // 򿪽ж
  14   1        EA = 1; // ж
  15   1        TR1 =1 ; // 򿪼    
  16   1      }
  17          // ãʵʹõʱǸճȻ޸һЩ粨ʣλУλ
             -ȵȡ
  18          
  19          // ͨжϺ
  20          void uart() interrupt 4
  21          {
  22   1        unsigned int rec_data; // յ
  23   1                            
  24   1        RI = 0; // жϱ־λ
  25   1      
  26   1        rec_data = SBUF; // 洢յ
  27   1        SBUF = rec_data; // յݷ뵽ͼĴ
  28   1      
  29   1        while(!TI); // ȴ
  30   1        TI = 0; // ɱ־λ       
  31   1      }
  32          
  33          void main()
  34          { 
  35   1        uart_init(0XFA); // Ϊ9600
  36   1      
  37   1        while(1)
  38   1        {     
  39   2                    
  40   2        }   
  41   1      }


MODULE INFORMATION:   STATIC OVERLAYABLE
   CODE SIZE        =     52    ----
   CONSTANT SIZE    =   ----    ----
   XDATA SIZE       =   ----    ----
   PDATA SIZE       =   ----    ----
   DATA SIZE        =   ----    ----
   IDATA SIZE       =   ----    ----
   BIT SIZE         =   ----    ----
END OF MODULE INFORMATION.


C51 COMPILATION COMPLETE.  0 WARNING(S),  0 ERROR(S)
