C51 COMPILER V9.54   LAB1                                                                  05/04/2025 16:57:39 PAGE 1   


C51 COMPILER V9.54, COMPILATION OF MODULE LAB1
OBJECT MODULE PLACED IN .\Objects\lab1.obj
COMPILER INVOKED BY: D:\Keil5\C51\BIN\C51.EXE lab1.c OPTIMIZE(8,SPEED) BROWSE DEBUG OBJECTEXTEND PRINT(.\Listings\lab1.l
                    -st) TABS(2) OBJECT(.\Objects\lab1.obj)

line level    source

   1          #include <reg51.h>
   2          #include <intrins.h> // 包含_crol_函数
   3          
   4          #define LED_PORT P1
   5          #define DELAY_MS 150 // 控制跑马灯速度
   6          
   7          void delay(unsigned int ms) {
   8   1          unsigned int i, j;
   9   1          for(i=0; i<ms; i++)
  10   1              for(j=0; j<114; j++);
  11   1      }
  12          
  13          void main() {
  14   1          unsigned char led_pattern = 0x01; // 初始模式：11111110（第一个LED亮）
  15   1          
  16   1          while(1) {
  17   2              LED_PORT = led_pattern;
  18   2              delay(DELAY_MS);
  19   2              
  20   2              // 左移跑马灯（低电平有效）
  21   2              led_pattern = _crol_(led_pattern, 1);
  22   2              
  23   2          }
  24   1      }


MODULE INFORMATION:   STATIC OVERLAYABLE
   CODE SIZE        =     57    ----
   CONSTANT SIZE    =   ----    ----
   XDATA SIZE       =   ----    ----
   PDATA SIZE       =   ----    ----
   DATA SIZE        =   ----    ----
   IDATA SIZE       =   ----    ----
   BIT SIZE         =   ----    ----
END OF MODULE INFORMATION.


C51 COMPILATION COMPLETE.  0 WARNING(S),  0 ERROR(S)
